
     Program PW2WANNIER v.6.8 starts on  9Feb2022 at 12:29:17 

     This program is part of the open-source Quantum ESPRESSO suite
     for quantum simulation of materials; please cite
         "P. Giannozzi et al., J. Phys.:Condens. Matter 21 395502 (2009);
         "P. Giannozzi et al., J. Phys.:Condens. Matter 29 465901 (2017);
         "P. Giannozzi et al., J. Chem. Phys. 152 154105 (2020);
          URL http://www.quantum-espresso.org", 
     in publications or presentations arising from this work. More details at
     http://www.quantum-espresso.org/quote

     Parallel version (MPI), running on     8 processors

     MPI processes distributed on     1 nodes
     R & G space division:  proc/nbgrp/npool/nimage =       8
     5867 MiB available memory on the printing compute node when the environment starts


  Reading nscf_save data

     Reading xml data from directory:

     ./out/aiida.save/

     IMPORTANT: XC functional enforced from input :
     Exchange-correlation= PBE
                           (   1   4   3   4   0   0   0)
     Any further DFT definition will be discarded
     Please, verify this is what you really want


     Parallelization info
     --------------------
     sticks:   dense  smooth     PW     G-vecs:    dense   smooth      PW
     Min          81      81     26                 1355     1355     248
     Max          82      82     28                 1358     1358     249
     Sum         649     649    211                10849    10849    1989

     Using Slab Decomposition

     Reading collected, re-writing distributed wavefunctions

  Spin CASE ( default = unpolarized )

  Wannier mode is: standalone     

  -----------------
  *** Reading nnkp 
  -----------------

  Checking info from wannier.nnkp file

  - Real lattice is ok
  - Reciprocal lattice is ok
  - K-points are ok
  - Number of wannier functions is ok (  4)
  - All guiding functions are given 

 Projections:
   -0.915270    0.423655    0.495765  0  1  1    1.000000
   -0.806585    0.642705    0.586070  0  1  1    1.000000
   -0.581925    0.313495    0.278210  0  1  1    1.000000
   -0.111250    0.332095    0.334055  0  1  1    1.000000

  Reading data about k-point neighbours 

  All neighbours are found 

  Opening pp-files 


  --------------------------
  *** Compute  A projections
  --------------------------

  AMN: iknum =       64
       1       2       3       4       5       6       7       8       9      10
      11      12      13      14      15      16      17      18      19      20
      21      22      23      24      25      26      27      28      29      30
      31      32      33      34      35      36      37      38      39      40
      41      42      43      44      45      46      47      48      49      50
      51      52      53      54      55      56      57      58      59      60
      61      62      63      64

  AMN calculated

  ---------------
  *** Compute  M 
  ---------------

  MMN: iknum =       64
       1 nwordwfc:          704
 npw:          169
       2 nwordwfc:          704
 npw:          166
       3 nwordwfc:          704
 npw:          166
       4 nwordwfc:          704
 npw:          167
       5 nwordwfc:          704
 npw:          170
       6 nwordwfc:          704
 npw:          171
       7 nwordwfc:          704
 npw:          166
       8 nwordwfc:          704
 npw:          169
       9 nwordwfc:          704
 npw:          170
      10
 nwordwfc:          704
 npw:          175
      11 nwordwfc:          704
 npw:          172
      12 nwordwfc:          704
 npw:          171
      13 nwordwfc:          704
 npw:          173
      14 nwordwfc:          704
 npw:          175
      15 nwordwfc:          704
 npw:          175
      16 nwordwfc:          704
 npw:          176
      17 nwordwfc:          704
 npw:          167
      18 nwordwfc:          704
 npw:          166
      19 nwordwfc:          704
 npw:          162
      20
 nwordwfc:          704
 npw:          164
      21 nwordwfc:          704
 npw:          171
      22 nwordwfc:          704
 npw:          169
      23 nwordwfc:          704
 npw:          167
      24 nwordwfc:          704
 npw:          164
      25 nwordwfc:          704
 npw:          168
      26 nwordwfc:          704
 npw:          170
      27 nwordwfc:          704
 npw:          169
      28 nwordwfc:          704
 npw:          168
      29 nwordwfc:          704
 npw:          170
      30
 nwordwfc:          704
 npw:          165
      31 nwordwfc:          704
 npw:          172
      32 nwordwfc:          704
 npw:          169
      33 nwordwfc:          704
 npw:          165
      34 nwordwfc:          704
 npw:          165
      35 nwordwfc:          704
 npw:          165
      36 nwordwfc:          704
 npw:          162
      37 nwordwfc:          704
 npw:          165
      38 nwordwfc:          704
 npw:          169
      39 nwordwfc:          704
 npw:          165
      40
 nwordwfc:          704
 npw:          166
      41 nwordwfc:          704
 npw:          166
      42 nwordwfc:          704
 npw:          170
      43 nwordwfc:          704
 npw:          170
      44 nwordwfc:          704
 npw:          166
      45 nwordwfc:          704
 npw:          164
      46 nwordwfc:          704
 npw:          168
      47 nwordwfc:          704
 npw:          169
      48 nwordwfc:          704
 npw:          169
      49 nwordwfc:          704
 npw:          160
      50
 nwordwfc:          704
 npw:          160
      51 nwordwfc:          704
 npw:          158
      52 nwordwfc:          704
 npw:          160
      53 nwordwfc:          704
 npw:          167
      54 nwordwfc:          704
 npw:          162
      55 nwordwfc:          704
 npw:          164
      56 nwordwfc:          704
 npw:          161
      57 nwordwfc:          704
 npw:          164
      58 nwordwfc:          704
 npw:          165
      59 nwordwfc:          704
 npw:          166
      60
 nwordwfc:          704
 npw:          164
      61 nwordwfc:          704
 npw:          165
      62 nwordwfc:          704
 npw:          163
      63 nwordwfc:          704
 npw:          167
      64 nwordwfc:          704
 npw:          167


  MMN calculated

  -----------------------------------
  *** Orbital terms are not computed 
  -----------------------------------

  -----------------------------------
  *** SHC terms are not computed 
  -----------------------------------

  ----------------
  *** Write bands 
  ----------------


  -----------------------------
  *** Plot info is not printed 
  -----------------------------

  -----------------------------
  *** Parity info is not printed 
  -----------------------------

  ------------
  *** Stop pp 
  ------------


     init_pw2wan  :      0.12s CPU      0.13s WALL (       1 calls)
     compute_amn  :      0.87s CPU      0.87s WALL (       1 calls)
     compute_mmn  :      0.06s CPU      0.07s WALL (       1 calls)

     PW2WANNIER   :      1.06s CPU      1.07s WALL


   This run was terminated on:  12:29:18   9Feb2022            

=------------------------------------------------------------------------------=
   JOB DONE.
=------------------------------------------------------------------------------=

